\BOOKMARK [1][-]{section.1}{Introducci\363n}{}% 1
\BOOKMARK [1][-]{section.2}{Trabajos relacionados}{}% 2
\BOOKMARK [2][-]{subsection.2.1}{Binomio de Newton y Coeficiente Binomial}{section.2}% 3
\BOOKMARK [3][-]{subsubsection.2.1.1}{Propiedades}{subsection.2.1}% 4
\BOOKMARK [2][-]{subsection.2.2}{Polinomio AKS}{section.2}% 5
\BOOKMARK [3][-]{subsubsection.2.2.1}{Caso Particular}{subsection.2.2}% 6
\BOOKMARK [2][-]{subsection.2.3}{Definiciones Adicionales}{section.2}% 7
\BOOKMARK [1][-]{section.3}{Propuesta}{}% 8
\BOOKMARK [2][-]{subsection.3.1}{Definici\363n de un Tri\341ngulo Modular AKS}{section.3}% 9
\BOOKMARK [2][-]{subsection.3.2}{Operaciones Asociadas y Caracter\355sticas de AKS-MPT}{section.3}% 10
\BOOKMARK [3][-]{subsubsection.3.2.1}{N\372mero de Elementos}{subsection.3.2}% 11
\BOOKMARK [3][-]{subsubsection.3.2.2}{Caracter\355sticas de los Coeficientes}{subsection.3.2}% 12
\BOOKMARK [3][-]{subsubsection.3.2.3}{Suma de elementos AKS-MPT}{subsection.3.2}% 13
\BOOKMARK [2][-]{subsection.3.3}{N\372meros de Carmichael}{section.3}% 14
\BOOKMARK [3][-]{subsubsection.3.3.1}{Filas AKS-MPT de orden Carmichael}{subsection.3.3}% 15
\BOOKMARK [1][-]{section.4}{Resultados}{}% 16
\BOOKMARK [2][-]{subsection.4.1}{Computacionales}{section.4}% 17
\BOOKMARK [3][-]{subsubsection.4.1.1}{Polinomio AKS General con X = R}{subsection.4.1}% 18
\BOOKMARK [3][-]{subsubsection.4.1.2}{Polinomio AKS-MPT con X = R}{subsection.4.1}% 19
\BOOKMARK [2][-]{subsection.4.2}{Detalles de Resultados}{section.4}% 20
\BOOKMARK [3][-]{subsubsection.4.2.1}{Script}{subsection.4.2}% 21
\BOOKMARK [3][-]{subsubsection.4.2.2}{Tablas de Resultados}{subsection.4.2}% 22
\BOOKMARK [2][-]{subsection.4.3}{Te\363ricos}{section.4}% 23
\BOOKMARK [1][-]{section.5}{Conclusiones y trabajos futuros}{}% 24
\BOOKMARK [2][-]{subsection.5.1}{Conclusiones}{section.5}% 25
\BOOKMARK [2][-]{subsection.5.2}{Trabajos futuros}{section.5}% 26
